1º Campeonato Procyons

:::::Primeria fase:::::
Shiro
2X0
Vinícius
-----------------
T_ROCK
0x2
iceman
-----------------
Bianca Reis
2x0
Baudamix
-----------------
big WO
WO
:-) 
-----------------
Stéfani
2x0
Arturaca03
-----------------
Thiaguinho
2x0
Julyane
-----------------
Deathbat
2x0
CLASH OF
-----------------
King Of Letters
1X2
supremo de boas 
-----------------
Dani
0X2
Haries 
-----------------
Dominium
0x2
Guilherme
-----------------
Rafael Téxe
2x1
Tiwi
-----------------
RnG x SaYmOn
WO
ALFHACRAZYgamer WO 

:::::Segunda fase:::::
Shiro
2x0
ice man
-----------------
Bianca Reis
0x2
:-) (falar com o irmão - Guilherme)
-----------------
Arturaca03
0X2
Thiaguinho
-----------------
Deathbat
2x0
supremo de boas
-----------------
Haries
0x2
Guilherme
-----------------
Rafael Téxe
2X0
RnG x SaYmOn

:::::Terceira  fase::::: 
Shiro
2X1
:-)
-----------------
Thiaguinho
1x2
Deathbat
-----------------
Guilherme
1x2
Rafael Téxe


:::::FINAL::::: 
Shiro WO
WO
Deathbat WO
----
Deathbat
1x2
Rafael Téxe
----
Rafael Téxe
2x0
Shiro