2º - CAMPEONATO PROCYONS

Final

Tiwi
2X0
Big

-----------------------

09/03 Semi-Final

Ice man
0x2
Tiwi
-
dvictor
2X1
Big


-----------------------
Quartas de final 

Ice man
2X1
Rafael Téxe
--------
Diego (BR)
0X2
Tiwi
--------
dvictor
2X1
Shiro
--------
:-)
0X2
Big

----------------------
Oitavas

da-lebre
0x2
Ice man
--------
Rafael Téxe
2x1
ginotomes
--------
Diego (BR)
WO
kaka
--------
sparta
0x2
Tiwi
--------
Baudamix
0x2
dvictor
--------
Shiro
2X0
Deathbat
--------
KratosDoSertao
1x2
:-)
--------
Big
2X1
Everton

---------------------
Classificatorias


gui
0x2
da-lebre
--------
Ice man
2x0
guilherme
--------
julyane
1x2
Rafael Téxe
--------
ginotomes
2x0
FinalJogador
--------
Diego (BR)
2X0
Emillismalls
--------
kaka
2x0
katrina
--------
sparta
2x0
Bianca reis
--------
Tiwi
2x0
(L)ucca
--------
Baudamix
2x1
gelador
--------
Dani
0x2
dvictor
--------
Shiro
2X0
Haries
--------
T_rock
0x2
Deathbat
--------
Arturaca03
 0 X 2
KratosDoSertao
--------
cesar
0x1
:-)
--------
Big
2X0
The pão BR
--------
Everton
WO
mítico jovem
--------